<?xml version="1.0" encoding="UTF-8"?>
<!-- Generated by org.testng.reporters.JUnitXMLReporter -->
<testsuite hostname="mahesh-PC" ignored="0" name="Test" tests="6" failures="4" timestamp="2022-01-27T19:45:03 IST" time="404.163" errors="0">
  <testcase name="@BeforeMethod setUp" time="68.379" classname="com.orange.test.LoginPageTest">
    <failure type="org.openqa.selenium.WebDriverException" message="unknown error: DevToolsActivePort file doesn&amp;apos;t exist
Build info: version: &amp;apos;3.14.0&amp;apos;, revision: &amp;apos;aacccce0&amp;apos;, time: &amp;apos;2018-08-02T20:19:58.91Z&amp;apos;
System info: host: &amp;apos;MAHESH-PC&amp;apos;, ip: &amp;apos;192.168.164.131&amp;apos;, os.name: &amp;apos;Windows 7&amp;apos;, os.arch: &amp;apos;x86&amp;apos;, os.version: &amp;apos;6.1&amp;apos;, java.version: &amp;apos;1.8.0_321&amp;apos;
Driver info: driver.version: ChromeDriver
remote stacktrace: Backtrace:
	Ordinal0 [0x015B6903+2517251]
	Ordinal0 [0x0154F8E1+2095329]
	Ordinal0 [0x01452848+1058888]
	Ordinal0 [0x0146FFA2+1179554]
	Ordinal0 [0x0146C840+1165376]
	Ordinal0 [0x0146A2CF+1155791]
	Ordinal0 [0x0149AAAF+1354415]
	Ordinal0 [0x0149A71A+1353498]
	Ordinal0 [0x0149639B+1336219]
	Ordinal0 [0x014727A7+1189799]
	Ordinal0 [0x01473609+1193481]
	GetHandleVerifier [0x01745904+1577972]
	GetHandleVerifier [0x017F0B97+2279047]
	GetHandleVerifier [0x01646D09+534521]
	GetHandleVerifier [0x01645DB9+530601]
	Ordinal0 [0x01554FF9+2117625]
	Ordinal0 [0x015598A8+2136232]
	Ordinal0 [0x015599E2+2136546]
	Ordinal0 [0x01563541+2176321]
	BaseThreadInitThunk [0x75363C45+18]
	RtlInitializeExceptionChain [0x76F237F5+239]
	RtlInitializeExceptionChain [0x76F237C8+194]
">
      <![CDATA[org.openqa.selenium.WebDriverException: unknown error: DevToolsActivePort file doesn't exist
Build info: version: '3.14.0', revision: 'aacccce0', time: '2018-08-02T20:19:58.91Z'
System info: host: 'MAHESH-PC', ip: '192.168.164.131', os.name: 'Windows 7', os.arch: 'x86', os.version: '6.1', java.version: '1.8.0_321'
Driver info: driver.version: ChromeDriver
remote stacktrace: Backtrace:
Ordinal0 [0x015B6903+2517251]
Ordinal0 [0x0154F8E1+2095329]
Ordinal0 [0x01452848+1058888]
Ordinal0 [0x0146FFA2+1179554]
Ordinal0 [0x0146C840+1165376]
Ordinal0 [0x0146A2CF+1155791]
Ordinal0 [0x0149AAAF+1354415]
Ordinal0 [0x0149A71A+1353498]
Ordinal0 [0x0149639B+1336219]
Ordinal0 [0x014727A7+1189799]
Ordinal0 [0x01473609+1193481]
GetHandleVerifier [0x01745904+1577972]
GetHandleVerifier [0x017F0B97+2279047]
GetHandleVerifier [0x01646D09+534521]
GetHandleVerifier [0x01645DB9+530601]
Ordinal0 [0x01554FF9+2117625]
Ordinal0 [0x015598A8+2136232]
Ordinal0 [0x015599E2+2136546]
Ordinal0 [0x01563541+2176321]
BaseThreadInitThunk [0x75363C45+18]
RtlInitializeExceptionChain [0x76F237F5+239]
RtlInitializeExceptionChain [0x76F237C8+194]

at org.openqa.selenium.remote.W3CHandshakeResponse.lambda$new$0(W3CHandshakeResponse.java:57)
at org.openqa.selenium.remote.W3CHandshakeResponse.lambda$getResponseFunction$2(W3CHandshakeResponse.java:104)
at org.openqa.selenium.remote.ProtocolHandshake.lambda$createSession$0(ProtocolHandshake.java:122)
at java.util.stream.ReferencePipeline$3$1.accept(Unknown Source)
at java.util.Spliterators$ArraySpliterator.tryAdvance(Unknown Source)
at java.util.stream.ReferencePipeline.forEachWithCancel(Unknown Source)
at java.util.stream.AbstractPipeline.copyIntoWithCancel(Unknown Source)
at java.util.stream.AbstractPipeline.copyInto(Unknown Source)
at java.util.stream.AbstractPipeline.wrapAndCopyInto(Unknown Source)
at java.util.stream.FindOps$FindOp.evaluateSequential(Unknown Source)
at java.util.stream.AbstractPipeline.evaluate(Unknown Source)
at java.util.stream.ReferencePipeline.findFirst(Unknown Source)
at org.openqa.selenium.remote.ProtocolHandshake.createSession(ProtocolHandshake.java:125)
at org.openqa.selenium.remote.ProtocolHandshake.createSession(ProtocolHandshake.java:73)
at org.openqa.selenium.remote.HttpCommandExecutor.execute(HttpCommandExecutor.java:136)
at org.openqa.selenium.remote.service.DriverCommandExecutor.execute(DriverCommandExecutor.java:83)
at org.openqa.selenium.remote.RemoteWebDriver.execute(RemoteWebDriver.java:548)
at org.openqa.selenium.remote.RemoteWebDriver.startSession(RemoteWebDriver.java:212)
at org.openqa.selenium.remote.RemoteWebDriver.<init>(RemoteWebDriver.java:130)
at org.openqa.selenium.chrome.ChromeDriver.<init>(ChromeDriver.java:181)
at org.openqa.selenium.chrome.ChromeDriver.<init>(ChromeDriver.java:168)
at org.openqa.selenium.chrome.ChromeDriver.<init>(ChromeDriver.java:123)
at com.orrange.base.TestBase.lauchBrowser(TestBase.java:44)
at com.orange.test.LoginPageTest.setUp(LoginPageTest.java:26)
at java.util.ArrayList.forEach(Unknown Source)
... Removed 35 stack frames]]>
    </failure>
  </testcase> <!-- @BeforeMethod setUp -->
  <testcase name="@AfterMethod logOutApp" time="-1.643292702497E9" classname="com.orange.test.LoginPageTest">
    <skipped/>
  </testcase> <!-- @AfterMethod logOutApp -->
  <testcase name="@BeforeMethod setUp" time="-1.643292702508E9" classname="com.orange.test.LoginPageTest">
    <skipped/>
  </testcase> <!-- @BeforeMethod setUp -->
  <testcase name="@AfterMethod logOutApp" time="-1.643292702545E9" classname="com.orange.test.LoginPageTest">
    <skipped/>
  </testcase> <!-- @AfterMethod logOutApp -->
  <testcase name="@AfterClass tearDown" time="-1.643292702555E9" classname="com.orange.test.LoginPageTest">
    <skipped/>
  </testcase> <!-- @AfterClass tearDown -->
  <testcase name="verifyElemetsVisibilityTest" time="0.666" classname="com.orange.test.LoginPageTest">
    <failure type="java.lang.AssertionError" message="expected [true] but found [false]">
      <![CDATA[java.lang.AssertionError: expected [true] but found [false]
at com.orange.test.LoginPageTest.verifyElemetsVisibilityTest(LoginPageTest.java:48)
at java.util.ArrayList.forEach(Unknown Source)
... Removed 31 stack frames]]>
    </failure>
  </testcase> <!-- verifyElemetsVisibilityTest -->
  <testcase name="verifyForgotPasswordLink" time="4.252" classname="com.orange.test.LoginPageTest">
    <failure type="java.lang.AssertionError" message="Please enter your username to identify your account to reset your password. expected [true] but found [false]">
      <![CDATA[java.lang.AssertionError: Please enter your username to identify your account to reset your password. expected [true] but found [false]
at com.orange.test.LoginPageTest.verifyForgotPasswordLink(LoginPageTest.java:57)
at java.util.ArrayList.forEach(Unknown Source)
... Removed 30 stack frames]]>
    </failure>
  </testcase> <!-- verifyForgotPasswordLink -->
  <testcase name="verifyLoginPageTest" time="0.0" classname="com.orange.test.LoginPageTest">
    <skipped/>
  </testcase> <!-- verifyLoginPageTest -->
  <testcase name="verifyLoginPageTitle" time="0.0" classname="com.orange.test.LoginPageTest">
    <skipped/>
  </testcase> <!-- verifyLoginPageTitle -->
  <testcase name="VerifyEmployeeLink" time="45.262" classname="com.orange.test.HomePageTest">
    <failure type="org.openqa.selenium.NoSuchWindowException" message="no such window: target window already closed
from unknown error: web view not found
  (Session info: chrome=97.0.4692.99)
Build info: version: &amp;apos;3.14.0&amp;apos;, revision: &amp;apos;aacccce0&amp;apos;, time: &amp;apos;2018-08-02T20:19:58.91Z&amp;apos;
System info: host: &amp;apos;MAHESH-PC&amp;apos;, ip: &amp;apos;192.168.164.131&amp;apos;, os.name: &amp;apos;Windows 7&amp;apos;, os.arch: &amp;apos;x86&amp;apos;, os.version: &amp;apos;6.1&amp;apos;, java.version: &amp;apos;1.8.0_321&amp;apos;
Driver info: org.openqa.selenium.chrome.ChromeDriver
Capabilities {acceptInsecureCerts: false, browserName: chrome, browserVersion: 97.0.4692.99, chrome: {chromedriverVersion: 96.0.4664.45 (76e4c1bb2ab46..., userDataDir: C:\Users\mahesh\AppData\Loc...}, goog:chromeOptions: {debuggerAddress: localhost:49924}, javascriptEnabled: true, networkConnectionEnabled: false, pageLoadStrategy: normal, platform: WINDOWS, platformName: WINDOWS, proxy: Proxy(), setWindowRect: true, strictFileInteractability: false, timeouts: {implicit: 0, pageLoad: 300000, script: 30000}, unhandledPromptBehavior: dismiss and notify, webauthn:extension:credBlob: true, webauthn:extension:largeBlob: true, webauthn:virtualAuthenticators: true}
Session ID: fb54bc6bd773f5b1f591333d23ec6d11">
      <![CDATA[org.openqa.selenium.NoSuchWindowException: no such window: target window already closed
from unknown error: web view not found
  (Session info: chrome=97.0.4692.99)
Build info: version: '3.14.0', revision: 'aacccce0', time: '2018-08-02T20:19:58.91Z'
System info: host: 'MAHESH-PC', ip: '192.168.164.131', os.name: 'Windows 7', os.arch: 'x86', os.version: '6.1', java.version: '1.8.0_321'
Driver info: org.openqa.selenium.chrome.ChromeDriver
Capabilities {acceptInsecureCerts: false, browserName: chrome, browserVersion: 97.0.4692.99, chrome: {chromedriverVersion: 96.0.4664.45 (76e4c1bb2ab46..., userDataDir: C:\Users\mahesh\AppData\Loc...}, goog:chromeOptions: {debuggerAddress: localhost:49924}, javascriptEnabled: true, networkConnectionEnabled: false, pageLoadStrategy: normal, platform: WINDOWS, platformName: WINDOWS, proxy: Proxy(), setWindowRect: true, strictFileInteractability: false, timeouts: {implicit: 0, pageLoad: 300000, script: 30000}, unhandledPromptBehavior: dismiss and notify, webauthn:extension:credBlob: true, webauthn:extension:largeBlob: true, webauthn:virtualAuthenticators: true}
Session ID: fb54bc6bd773f5b1f591333d23ec6d11
at org.openqa.selenium.remote.http.W3CHttpResponseCodec.createException(W3CHttpResponseCodec.java:187)
at org.openqa.selenium.remote.http.W3CHttpResponseCodec.decode(W3CHttpResponseCodec.java:122)
at org.openqa.selenium.remote.http.W3CHttpResponseCodec.decode(W3CHttpResponseCodec.java:49)
at org.openqa.selenium.remote.HttpCommandExecutor.execute(HttpCommandExecutor.java:158)
at org.openqa.selenium.remote.service.DriverCommandExecutor.execute(DriverCommandExecutor.java:83)
at org.openqa.selenium.remote.RemoteWebDriver.execute(RemoteWebDriver.java:548)
at org.openqa.selenium.remote.RemoteWebDriver.perform(RemoteWebDriver.java:614)
at org.openqa.selenium.interactions.Actions$BuiltAction.perform(Actions.java:640)
at com.orange.pages.HomePage.mouseHoverOnPIM(HomePage.java:34)
at com.orange.test.HomePageTest.VerifyEmployeeLink(HomePageTest.java:44)
at java.util.ArrayList.forEach(Unknown Source)
... Removed 31 stack frames]]>
    </failure>
  </testcase> <!-- VerifyEmployeeLink -->
  <testcase name="VerifyEmployeeLink" time="64.078" classname="com.orange.test.HomePageTest">
    <failure type="org.openqa.selenium.NoSuchWindowException" message="no such window: target window already closed
from unknown error: web view not found
  (Session info: chrome=97.0.4692.99)
Build info: version: &amp;apos;3.14.0&amp;apos;, revision: &amp;apos;aacccce0&amp;apos;, time: &amp;apos;2018-08-02T20:19:58.91Z&amp;apos;
System info: host: &amp;apos;MAHESH-PC&amp;apos;, ip: &amp;apos;192.168.164.131&amp;apos;, os.name: &amp;apos;Windows 7&amp;apos;, os.arch: &amp;apos;x86&amp;apos;, os.version: &amp;apos;6.1&amp;apos;, java.version: &amp;apos;1.8.0_321&amp;apos;
Driver info: org.openqa.selenium.chrome.ChromeDriver
Capabilities {acceptInsecureCerts: false, browserName: chrome, browserVersion: 97.0.4692.99, chrome: {chromedriverVersion: 96.0.4664.45 (76e4c1bb2ab46..., userDataDir: C:\Users\mahesh\AppData\Loc...}, goog:chromeOptions: {debuggerAddress: localhost:49924}, javascriptEnabled: true, networkConnectionEnabled: false, pageLoadStrategy: normal, platform: WINDOWS, platformName: WINDOWS, proxy: Proxy(), setWindowRect: true, strictFileInteractability: false, timeouts: {implicit: 0, pageLoad: 300000, script: 30000}, unhandledPromptBehavior: dismiss and notify, webauthn:extension:credBlob: true, webauthn:extension:largeBlob: true, webauthn:virtualAuthenticators: true}
Session ID: fb54bc6bd773f5b1f591333d23ec6d11">
      <![CDATA[org.openqa.selenium.NoSuchWindowException: no such window: target window already closed
from unknown error: web view not found
  (Session info: chrome=97.0.4692.99)
Build info: version: '3.14.0', revision: 'aacccce0', time: '2018-08-02T20:19:58.91Z'
System info: host: 'MAHESH-PC', ip: '192.168.164.131', os.name: 'Windows 7', os.arch: 'x86', os.version: '6.1', java.version: '1.8.0_321'
Driver info: org.openqa.selenium.chrome.ChromeDriver
Capabilities {acceptInsecureCerts: false, browserName: chrome, browserVersion: 97.0.4692.99, chrome: {chromedriverVersion: 96.0.4664.45 (76e4c1bb2ab46..., userDataDir: C:\Users\mahesh\AppData\Loc...}, goog:chromeOptions: {debuggerAddress: localhost:49924}, javascriptEnabled: true, networkConnectionEnabled: false, pageLoadStrategy: normal, platform: WINDOWS, platformName: WINDOWS, proxy: Proxy(), setWindowRect: true, strictFileInteractability: false, timeouts: {implicit: 0, pageLoad: 300000, script: 30000}, unhandledPromptBehavior: dismiss and notify, webauthn:extension:credBlob: true, webauthn:extension:largeBlob: true, webauthn:virtualAuthenticators: true}
Session ID: fb54bc6bd773f5b1f591333d23ec6d11
at org.openqa.selenium.remote.http.W3CHttpResponseCodec.createException(W3CHttpResponseCodec.java:187)
at org.openqa.selenium.remote.http.W3CHttpResponseCodec.decode(W3CHttpResponseCodec.java:122)
at org.openqa.selenium.remote.http.W3CHttpResponseCodec.decode(W3CHttpResponseCodec.java:49)
at org.openqa.selenium.remote.HttpCommandExecutor.execute(HttpCommandExecutor.java:158)
at org.openqa.selenium.remote.service.DriverCommandExecutor.execute(DriverCommandExecutor.java:83)
at org.openqa.selenium.remote.RemoteWebDriver.execute(RemoteWebDriver.java:548)
at org.openqa.selenium.remote.RemoteWebDriver.execute(RemoteWebDriver.java:605)
at org.openqa.selenium.remote.RemoteWebDriver.getScreenshotAs(RemoteWebDriver.java:294)
at com.orange.utils.TestUtils.takeScreenShot(TestUtils.java:43)
at com.orange.listener.CustomListener.onTestFailure(CustomListener.java:28)
at java.util.ArrayList.forEach(Unknown Source)
... Removed 28 stack frames]]>
    </failure>
  </testcase> <!-- VerifyEmployeeLink -->
</testsuite> <!-- Test -->
